  main.cpp
c:\users\dominic\desktop\engine\engine64\object.h(2): warning C4067: unexpected tokens following preprocessor directive - expected a newline
c:\users\dominic\desktop\engine\engine64\object.h(3): warning C4067: unexpected tokens following preprocessor directive - expected a newline
c:\users\dominic\desktop\engine\engine64\matrix4.h(6): warning C4305: 'initializing': truncation from 'double' to 'float'
  Texture.cpp
  Rasteriser.cpp
c:\users\dominic\desktop\engine\engine64\object.h(2): warning C4067: unexpected tokens following preprocessor directive - expected a newline
c:\users\dominic\desktop\engine\engine64\object.h(3): warning C4067: unexpected tokens following preprocessor directive - expected a newline
c:\users\dominic\desktop\engine\engine64\matrix4.h(6): warning C4305: 'initializing': truncation from 'double' to 'float'
  Object.cpp
c:\users\dominic\desktop\engine\engine64\object.h(2): warning C4067: unexpected tokens following preprocessor directive - expected a newline
c:\users\dominic\desktop\engine\engine64\object.h(3): warning C4067: unexpected tokens following preprocessor directive - expected a newline
c:\users\dominic\desktop\engine\engine64\matrix4.h(6): warning C4305: 'initializing': truncation from 'double' to 'float'
  Mesh.cpp
  Input.cpp
  Initialize.cpp
c:\users\dominic\desktop\engine\engine64\object.h(2): warning C4067: unexpected tokens following preprocessor directive - expected a newline
c:\users\dominic\desktop\engine\engine64\object.h(3): warning C4067: unexpected tokens following preprocessor directive - expected a newline
c:\users\dominic\desktop\engine\engine64\matrix4.h(6): warning C4305: 'initializing': truncation from 'double' to 'float'
c:\users\dominic\desktop\engine\engine64\initialize.cpp(31): warning C4305: 'argument': truncation from 'double' to 'GLclampf'
  Generating Code...
  Compiling...
  Shader.cpp
  Generating Code...
LINK : warning LNK4098: defaultlib 'LIBCMT' conflicts with use of other libs; use /NODEFAULTLIB:library
Texture.obj : error LNK2019: unresolved external symbol SOIL_load_OGL_texture referenced in function "public: __cdecl Texture::Texture(char *)" (??0Texture@@QEAA@PEAD@Z)
Texture.obj : error LNK2019: unresolved external symbol SOIL_last_result referenced in function "public: __cdecl Texture::Texture(char *)" (??0Texture@@QEAA@PEAD@Z)
C:\Users\Dominic\Desktop\Engine\x64\Debug\Engine64.exe : fatal error LNK1120: 2 unresolved externals
